<?xml version="1.0" encoding="utf-8" ?>
<!DOCTYPE html PUBLIC "-//W3C//DTD XHTML 1.0 Strict//EN"
        "http://www.w3.org/TR/xhtml1/DTD/xhtml1-strict.dtd">
<html xmlns="http://www.w3.org/1999/xhtml" xml:lang="" lang="">
<head>
  <title>Test Results Report - Log Output</title>
  <meta http-equiv="Content-Type" content="text/html;charset=utf-8" />
  <meta name="description" content="TestNG unit test results." />
  <link href="reportng.css" rel="stylesheet" type="text/css" />
  </head>
<body>
  <h1>Log Output</h1>
  <p>
    Combined output from all calls to the log methods of the <a href="http://testng.org/javadocs/org/testng/Reporter.html">TestNG Reporter</a>.    
  </p>

  <div id="log">
                  2017-08-07 16:26:15 INFO  CustomListener:34 - Starting tests : SelectThreeMessagesDeleteThemAndThanCancelDeleteTest , Output directory : F:\Progects_EPAM_IDEA_2017\SeleniumTest\test-output\Suite1 , Test Suite : org.testng.SuiteRunner@3159c4b8

                        2017-08-07 16:26:15 INFO  CustomListener:34 - Starting tests : SelectThreeMessagesDeleteThemAndThanCancelDeleteTest , Output directory : F:\Progects_EPAM_IDEA_2017\SeleniumTest\test-output\Suite1 , Test Suite : org.testng.SuiteRunner@3159c4b8

                        2017-08-07 16:26:17 INFO  SelectThreeMessagesDeleteThemAndThanCancelDeleteTest:25 - BeforeMethod

                        2017-08-07 16:26:17 INFO  CustomListener:13 - Test : testDeleteSelectedMessagesAndThanCancelDelete Method : SelectThreeMessagesDeleteThemAndThanCancelDeleteTest.testDeleteSelectedMessagesAndThanCancelDelete(java.lang.String, java.lang.String)[pri:0, instance:com.epam.tests.SelectThreeMessagesDeleteThemAndThanCancelDeleteTest@239963d8]

                        2017-08-07 16:26:17 INFO  SelectThreeMessagesDeleteThemAndThanCancelDeleteTest:25 - BeforeMethod

                        2017-08-07 16:26:17 INFO  CustomListener:13 - Test : testDeleteSelectedMessagesAndThanCancelDelete Method : SelectThreeMessagesDeleteThemAndThanCancelDeleteTest.testDeleteSelectedMessagesAndThanCancelDelete(java.lang.String, java.lang.String)[pri:0, instance:com.epam.tests.SelectThreeMessagesDeleteThemAndThanCancelDeleteTest@239963d8]

                        2017-08-07 16:26:17 INFO  CustomListener:13 - Test : testDeleteSelectedMessagesAndThanCancelDelete Method : SelectThreeMessagesDeleteThemAndThanCancelDeleteTest.testDeleteSelectedMessagesAndThanCancelDelete(java.lang.String, java.lang.String)[pri:0, instance:com.epam.tests.SelectThreeMessagesDeleteThemAndThanCancelDeleteTest@239963d8]

                        2017-08-07 16:26:17 INFO  CustomListener:13 - Test : testDeleteSelectedMessagesAndThanCancelDelete Method : SelectThreeMessagesDeleteThemAndThanCancelDeleteTest.testDeleteSelectedMessagesAndThanCancelDelete(java.lang.String, java.lang.String)[pri:0, instance:com.epam.tests.SelectThreeMessagesDeleteThemAndThanCancelDeleteTest@239963d8]

                        2017-08-07 16:26:17 INFO  SelectThreeMessagesDeleteThemAndThanCancelDeleteTest:30 - Test troltrolovic472@gmail.com + aa14711AA

                        2017-08-07 16:26:17 INFO  SelectThreeMessagesDeleteThemAndThanCancelDeleteTest:30 - Test vasyl87test@gmail.com + aa14711AA

                        2017-08-07 16:26:36 INFO  SelectThreeMessagesDeleteThemAndThanCancelDeleteTest:37 - UserModel{email='vasyl87test@gmail.com', password='aa14711AA'}

                        2017-08-07 16:26:36 INFO  SelectThreeMessagesDeleteThemAndThanCancelDeleteTest:37 - UserModel{email='troltrolovic472@gmail.com', password='aa14711AA'}

                        2017-08-07 16:27:34 INFO  CustomListener:17 - Test : testDeleteSelectedMessagesAndThanCancelDelete Method : SelectThreeMessagesDeleteThemAndThanCancelDeleteTest.testDeleteSelectedMessagesAndThanCancelDelete(java.lang.String, java.lang.String)[pri:0, instance:com.epam.tests.SelectThreeMessagesDeleteThemAndThanCancelDeleteTest@239963d8]

                        2017-08-07 16:27:34 INFO  CustomListener:17 - Test : testDeleteSelectedMessagesAndThanCancelDelete Method : SelectThreeMessagesDeleteThemAndThanCancelDeleteTest.testDeleteSelectedMessagesAndThanCancelDelete(java.lang.String, java.lang.String)[pri:0, instance:com.epam.tests.SelectThreeMessagesDeleteThemAndThanCancelDeleteTest@239963d8]

                        2017-08-07 16:27:34 INFO  CustomListener:17 - Test : testDeleteSelectedMessagesAndThanCancelDelete Method : SelectThreeMessagesDeleteThemAndThanCancelDeleteTest.testDeleteSelectedMessagesAndThanCancelDelete(java.lang.String, java.lang.String)[pri:0, instance:com.epam.tests.SelectThreeMessagesDeleteThemAndThanCancelDeleteTest@239963d8]

                        2017-08-07 16:27:34 INFO  CustomListener:17 - Test : testDeleteSelectedMessagesAndThanCancelDelete Method : SelectThreeMessagesDeleteThemAndThanCancelDeleteTest.testDeleteSelectedMessagesAndThanCancelDelete(java.lang.String, java.lang.String)[pri:0, instance:com.epam.tests.SelectThreeMessagesDeleteThemAndThanCancelDeleteTest@239963d8]

                        2017-08-07 16:27:34 INFO  SelectThreeMessagesDeleteThemAndThanCancelDeleteTest:60 - AfterMethod

                        2017-08-07 16:27:34 INFO  SelectThreeMessagesDeleteThemAndThanCancelDeleteTest:60 - AfterMethod

                        2017-08-07 16:27:42 INFO  CustomListener:40 - Starting tests : SelectThreeMessagesDeleteThemAndThanCancelDeleteTest , Output directory : F:\Progects_EPAM_IDEA_2017\SeleniumTest\test-output\Suite1 , Test Suite : org.testng.SuiteRunner@3159c4b8

                        2017-08-07 16:27:42 INFO  CustomListener:40 - Starting tests : SelectThreeMessagesDeleteThemAndThanCancelDeleteTest , Output directory : F:\Progects_EPAM_IDEA_2017\SeleniumTest\test-output\Suite1 , Test Suite : org.testng.SuiteRunner@3159c4b8

                        2017-08-07 16:27:42 INFO  CustomListener:34 - Starting tests : EnterEmailAndWrongPasswordTest , Output directory : F:\Progects_EPAM_IDEA_2017\SeleniumTest\test-output\Suite1 , Test Suite : org.testng.SuiteRunner@3159c4b8

                        2017-08-07 16:27:42 INFO  CustomListener:34 - Starting tests : EnterEmailAndWrongPasswordTest , Output directory : F:\Progects_EPAM_IDEA_2017\SeleniumTest\test-output\Suite1 , Test Suite : org.testng.SuiteRunner@3159c4b8

                        2017-08-07 16:27:42 INFO  EnterEmailAndWrongPasswordTest:22 - BeforeMethod

                        2017-08-07 16:27:42 INFO  CustomListener:13 - Test : testEnterEmailAndWrongPasswordAndThanFall Method : EnterEmailAndWrongPasswordTest.testEnterEmailAndWrongPasswordAndThanFall()[pri:0, instance:com.epam.tests.EnterEmailAndWrongPasswordTest@cb644e]

                        2017-08-07 16:27:42 INFO  CustomListener:13 - Test : testEnterEmailAndWrongPasswordAndThanFall Method : EnterEmailAndWrongPasswordTest.testEnterEmailAndWrongPasswordAndThanFall()[pri:0, instance:com.epam.tests.EnterEmailAndWrongPasswordTest@cb644e]

                        2017-08-07 16:27:42 INFO  EnterEmailAndWrongPasswordTest:29 - UserModel{email='vasylpaslavskyj@gmail.com', password='aa14711AA'}

                        2017-08-07 16:28:17 WARN  CustomListener:21 - Test : testEnterEmailAndWrongPasswordAndThanFall Method : EnterEmailAndWrongPasswordTest.testEnterEmailAndWrongPasswordAndThanFall()[pri:0, instance:com.epam.tests.EnterEmailAndWrongPasswordTest@cb644e]

                        2017-08-07 16:28:17 WARN  CustomListener:22 - org.openqa.selenium.NoSuchElementException: no such element: Unable to locate element: {"method":"xpath","selector":"//a[contains(@title, '@gmail.com')]"}
  (Session info: chrome=59.0.3071.115)
  (Driver info: chromedriver=2.30.477700 (0057494ad8732195794a7b32078424f92a5fce41),platform=Windows NT 10.0.10240 x86_64) (WARNING: The server did not provide any stacktrace information)
Command duration or timeout: 5.07 seconds
For documentation on this error, please visit: http://seleniumhq.org/exceptions/no_such_element.html
Build info: version: '3.4.0', revision: 'unknown', time: 'unknown'
System info: host: 'LVIV', ip: '192.168.1.8', os.name: 'Windows 10', os.arch: 'amd64', os.version: '10.0', java.version: '1.8.0_91'
Driver info: org.openqa.selenium.chrome.ChromeDriver
Capabilities [{applicationCacheEnabled=false, rotatable=false, mobileEmulationEnabled=false, networkConnectionEnabled=false, chrome={chromedriverVersion=2.30.477700 (0057494ad8732195794a7b32078424f92a5fce41), userDataDir=C:\Users\Vasj\AppData\Local\Temp\scoped_dir11056_43}, takesHeapSnapshot=true, pageLoadStrategy=normal, databaseEnabled=false, handlesAlerts=true, hasTouchScreen=false, version=59.0.3071.115, platform=XP, browserConnectionEnabled=false, nativeEvents=true, acceptSslCerts=true, locationContextEnabled=true, webStorageEnabled=true, browserName=chrome, takesScreenshot=true, javascriptEnabled=true, cssSelectorsEnabled=true, unexpectedAlertBehaviour=}]
Session ID: 40d11a74c8e1b976ff434ca206ae9f2a
*** Element info: {Using=xpath, value=//a[contains(@title, '@gmail.com')]}

                        2017-08-07 16:28:17 WARN  CustomListener:21 - Test : testEnterEmailAndWrongPasswordAndThanFall Method : EnterEmailAndWrongPasswordTest.testEnterEmailAndWrongPasswordAndThanFall()[pri:0, instance:com.epam.tests.EnterEmailAndWrongPasswordTest@cb644e]

                        2017-08-07 16:28:17 WARN  CustomListener:22 - org.openqa.selenium.NoSuchElementException: no such element: Unable to locate element: {"method":"xpath","selector":"//a[contains(@title, '@gmail.com')]"}
  (Session info: chrome=59.0.3071.115)
  (Driver info: chromedriver=2.30.477700 (0057494ad8732195794a7b32078424f92a5fce41),platform=Windows NT 10.0.10240 x86_64) (WARNING: The server did not provide any stacktrace information)
Command duration or timeout: 5.07 seconds
For documentation on this error, please visit: http://seleniumhq.org/exceptions/no_such_element.html
Build info: version: '3.4.0', revision: 'unknown', time: 'unknown'
System info: host: 'LVIV', ip: '192.168.1.8', os.name: 'Windows 10', os.arch: 'amd64', os.version: '10.0', java.version: '1.8.0_91'
Driver info: org.openqa.selenium.chrome.ChromeDriver
Capabilities [{applicationCacheEnabled=false, rotatable=false, mobileEmulationEnabled=false, networkConnectionEnabled=false, chrome={chromedriverVersion=2.30.477700 (0057494ad8732195794a7b32078424f92a5fce41), userDataDir=C:\Users\Vasj\AppData\Local\Temp\scoped_dir11056_43}, takesHeapSnapshot=true, pageLoadStrategy=normal, databaseEnabled=false, handlesAlerts=true, hasTouchScreen=false, version=59.0.3071.115, platform=XP, browserConnectionEnabled=false, nativeEvents=true, acceptSslCerts=true, locationContextEnabled=true, webStorageEnabled=true, browserName=chrome, takesScreenshot=true, javascriptEnabled=true, cssSelectorsEnabled=true, unexpectedAlertBehaviour=}]
Session ID: 40d11a74c8e1b976ff434ca206ae9f2a
*** Element info: {Using=xpath, value=//a[contains(@title, '@gmail.com')]}

                        2017-08-07 16:28:17 INFO  EnterEmailAndWrongPasswordTest:35 - AfterMethod

                        2017-08-07 16:28:18 INFO  CustomListener:40 - Starting tests : EnterEmailAndWrongPasswordTest , Output directory : F:\Progects_EPAM_IDEA_2017\SeleniumTest\test-output\Suite1 , Test Suite : org.testng.SuiteRunner@3159c4b8

                        2017-08-07 16:28:18 INFO  CustomListener:40 - Starting tests : EnterEmailAndWrongPasswordTest , Output directory : F:\Progects_EPAM_IDEA_2017\SeleniumTest\test-output\Suite1 , Test Suite : org.testng.SuiteRunner@3159c4b8

            </div>

</body>
</html>